o:\rendering\x64\debug\vc141.pdb
o:\rendering\x64\debug\vc141.idb
o:\rendering\x64\debug\ass_parser.obj
o:\rendering\x64\debug\camera.obj
o:\rendering\x64\debug\area_light.obj
o:\rendering\x64\debug\point_light.obj
o:\rendering\x64\debug\main.obj
o:\rendering\x64\debug\ma_writer.obj
o:\rendering\x64\debug\reporter.obj
c:\users\alberto.pino\documents\redering\proyecto\bin\x64\debug\rendering.ilk
c:\users\alberto.pino\documents\redering\proyecto\bin\x64\debug\rendering.dll
o:\rendering\x64\debug\rendering.pdb
c:\users\alberto.pino\documents\redering\proyecto\deploy\x64\debug\rendering.lib
c:\users\alberto.pino\documents\redering\proyecto\deploy\x64\debug\rendering.exp
o:\rendering\x64\debug\rendering.tlog\cl.command.1.tlog
o:\rendering\x64\debug\rendering.tlog\cl.read.1.tlog
o:\rendering\x64\debug\rendering.tlog\cl.write.1.tlog
o:\rendering\x64\debug\rendering.tlog\link.command.1.tlog
o:\rendering\x64\debug\rendering.tlog\link.read.1.tlog
o:\rendering\x64\debug\rendering.tlog\link.write.1.tlog
o:\rendering\x64\debug\rendering.tlog\rendering.write.1u.tlog
